\BOOKMARK [0][-]{chapter.1}{Wstep}{}% 1
\BOOKMARK [0][-]{chapter.2}{Algorytmy do poprawy rozdzielczosci zdjec}{}% 2
\BOOKMARK [1][-]{section.2.1}{Wstep teoretyczny}{chapter.2}% 3
\BOOKMARK [1][-]{section.2.2}{Konwolucyjna siec neuronowa}{chapter.2}% 4
\BOOKMARK [1][-]{section.2.3}{Konwolucyjne sieci neuronowe dla super-rodzielczosci}{chapter.2}% 5
\BOOKMARK [1][-]{section.2.4}{Model CSNLN}{chapter.2}% 6
\BOOKMARK [2][-]{subsection.2.4.1}{Modu\233y uwagi}{section.2.4}% 7
\BOOKMARK [2][-]{subsection.2.4.2}{Mutual-Projected Fusion}{section.2.4}% 8
\BOOKMARK [1][-]{section.2.5}{Model EDSR}{chapter.2}% 9
\BOOKMARK [0][-]{chapter.3}{Implementacje}{}% 10
\BOOKMARK [1][-]{section.3.1}{Srodowisko programistyczne}{chapter.3}% 11
\BOOKMARK [1][-]{section.3.2}{Zbiory danych}{chapter.3}% 12
\BOOKMARK [1][-]{section.3.3}{Model CSNLN}{chapter.3}% 13
\BOOKMARK [1][-]{section.3.4}{Model EDSR}{chapter.3}% 14
\BOOKMARK [1][-]{section.3.5}{Metryki por\363wnania jakosci modeli}{chapter.3}% 15
\BOOKMARK [2][-]{subsection.3.5.1}{Szczytowy stosunek sygna\233u do szumu}{section.3.5}% 16
\BOOKMARK [2][-]{subsection.3.5.2}{Podobienstwo strukturalne}{section.3.5}% 17
\BOOKMARK [0][-]{chapter.4}{Testowanie wybranych modeli}{}% 18
\BOOKMARK [1][-]{section.4.1}{Testowanie na zbiorze danych DIV2K}{chapter.4}% 19
\BOOKMARK [1][-]{section.4.2}{Rozmiary modeli}{chapter.4}% 20
\BOOKMARK [0][-]{chapter.5}{Usuwanie szumu z obraz\363w}{}% 21
\BOOKMARK [1][-]{section.5.1}{Eksperement z uzyciem zbioru tylko zasumionych obraz\363w}{chapter.5}% 22
\BOOKMARK [1][-]{section.5.2}{Eksperement z uzyciem zbioru rozszerzonego}{chapter.5}% 23
\BOOKMARK [0][-]{chapter.6}{Podsumowanie}{}% 24
