This is pdfTeX, Version 3.14159265-2.6-1.40.20 (TeX Live 2019/Debian) (preloaded format=pdflatex 2020.10.2)  24 DEC 2020 00:13
entering extended mode
 restricted \write18 enabled.
 %&-line parsing enabled.
**praca_dyplomowa.tex
(./praca_dyplomowa.tex
LaTeX2e <2020-02-02> patch level 2
L3 programming layer <2020-02-14>
(/usr/share/texlive/texmf-dist/tex/latex/base/report.cls
Document Class: report 2019/12/20 v1.4l Standard LaTeX document class
(/usr/share/texlive/texmf-dist/tex/latex/base/size12.clo
File: size12.clo 2019/12/20 v1.4l Standard LaTeX file (size option)
)
\c@part=\count167
\c@chapter=\count168
\c@section=\count169
\c@subsection=\count170
\c@subsubsection=\count171
\c@paragraph=\count172
\c@subparagraph=\count173
\c@figure=\count174
\c@table=\count175
\abovecaptionskip=\skip47
\belowcaptionskip=\skip48
\bibindent=\dimen134
)
(/usr/share/texlive/texmf-dist/tex/latex/polski/polski.sty
Package: polski 2017/05/04 v1.3.4 Polish language package

   Switching to Polish text encoding and Polish maths fonts.
(/usr/share/texlive/texmf-dist/tex/latex/base/ot4enc.def
File: ot4enc.def 2020/02/11 v2.0o Standard LaTeX file
Now handling font encoding OT4 ...
... no UTF-8 mapping file for font encoding OT4
)
LaTeX Font Info:    Trying to load font information for OT4+cmr on input line 3
60.

(/usr/share/texlive/texmf-dist/tex/latex/polski/ot4cmr.fd
File: ot4cmr.fd 2008/02/24 v1.2.1 Font defs for fonts PL (MW)
)
LaTeX Font Info:    Overwriting math alphabet `\mathbf' in version `normal'
(Font)                  OT1/cmr/bx/n --> OT4/cmr/bx/n on input line 360.
LaTeX Font Info:    Overwriting math alphabet `\mathsf' in version `normal'
(Font)                  OT1/cmss/m/n --> OT4/cmss/m/n on input line 360.
LaTeX Font Info:    Overwriting math alphabet `\mathit' in version `normal'
(Font)                  OT1/cmr/m/it --> OT4/cmr/m/it on input line 360.
LaTeX Font Info:    Overwriting math alphabet `\mathtt' in version `normal'
(Font)                  OT1/cmtt/m/n --> OT4/cmtt/m/n on input line 360.
LaTeX Font Info:    Overwriting math alphabet `\mathsf' in version `bold'
(Font)                  OT1/cmss/bx/n --> OT4/cmss/bx/n on input line 360.
LaTeX Font Info:    Overwriting math alphabet `\mathit' in version `bold'
(Font)                  OT1/cmr/bx/it --> OT4/cmr/bx/it on input line 360.
LaTeX Font Info:    Encoding `OT1' has changed to `OT4' for symbol font
(Font)              `operators' in the math version `normal' on input line 360.

LaTeX Font Info:    Overwriting symbol font `operators' in version `normal'
(Font)                  OT1/cmr/m/n --> OT4/cmr/m/n on input line 360.
LaTeX Font Info:    Overwriting symbol font `letters' in version `normal'
(Font)                  OML/cmm/m/it --> OML/plm/m/it on input line 360.
LaTeX Font Info:    Overwriting symbol font `symbols' in version `normal'
(Font)                  OMS/cmsy/m/n --> OMS/plsy/m/n on input line 360.
LaTeX Font Info:    Overwriting symbol font `largesymbols' in version `normal'
(Font)                  OMX/cmex/m/n --> OMX/plex/m/n on input line 360.
LaTeX Font Info:    Encoding `OT1' has changed to `OT4' for symbol font
(Font)              `operators' in the math version `bold' on input line 360.
LaTeX Font Info:    Overwriting symbol font `operators' in version `bold'
(Font)                  OT1/cmr/bx/n --> OT4/cmr/bx/n on input line 360.
LaTeX Font Info:    Overwriting symbol font `letters' in version `bold'
(Font)                  OML/cmm/b/it --> OML/plm/b/it on input line 360.
LaTeX Font Info:    Overwriting symbol font `symbols' in version `bold'
(Font)                  OMS/cmsy/b/n --> OMS/plsy/b/n on input line 360.
)
(/usr/share/texlive/texmf-dist/tex/latex/psnfss/helvet.sty
Package: helvet 2005/04/12 PSNFSS-v9.2a (WaS) 

(/usr/share/texlive/texmf-dist/tex/latex/graphics/keyval.sty
Package: keyval 2014/10/28 v1.15 key=value parser (DPC)
\KV@toks@=\toks14
))
(/usr/share/texlive/texmf-dist/tex/latex/base/fontenc.sty
Package: fontenc 2020/02/11 v2.0o Standard LaTeX package
)
(/usr/share/texlive/texmf-dist/tex/latex/anyfontsize/anyfontsize.sty
Package: anyfontsize 2007/11/22 anyfontsize.sty by pts
)
(/usr/share/texlive/texmf-dist/tex/latex/base/inputenc.sty
Package: inputenc 2018/08/11 v1.3c Input encoding file
\inpenc@prehook=\toks15
\inpenc@posthook=\toks16
)
(/usr/share/texlive/texmf-dist/tex/latex/graphics/graphicx.sty
Package: graphicx 2019/11/30 v1.2a Enhanced LaTeX Graphics (DPC,SPQR)

(/usr/share/texlive/texmf-dist/tex/latex/graphics/graphics.sty
Package: graphics 2019/11/30 v1.4a Standard LaTeX Graphics (DPC,SPQR)

(/usr/share/texlive/texmf-dist/tex/latex/graphics/trig.sty
Package: trig 2016/01/03 v1.10 sin cos tan (DPC)
)
(/usr/share/texlive/texmf-dist/tex/latex/graphics-cfg/graphics.cfg
File: graphics.cfg 2016/06/04 v1.11 sample graphics configuration
)
Package graphics Info: Driver file: pdftex.def on input line 105.

(/usr/share/texlive/texmf-dist/tex/latex/graphics-def/pdftex.def
File: pdftex.def 2018/01/08 v1.0l Graphics/color driver for pdftex
))
\Gin@req@height=\dimen135
\Gin@req@width=\dimen136
)
(/usr/share/texlive/texmf-dist/tex/latex/tools/tabularx.sty
Package: tabularx 2020/01/15 v2.11c `tabularx' package (DPC)

(/usr/share/texlive/texmf-dist/tex/latex/tools/array.sty
Package: array 2019/08/31 v2.4l Tabular extension package (FMi)
\col@sep=\dimen137
\ar@mcellbox=\box45
\extrarowheight=\dimen138
\NC@list=\toks17
\extratabsurround=\skip49
\backup@length=\skip50
\ar@cellbox=\box46
)
\TX@col@width=\dimen139
\TX@old@table=\dimen140
\TX@old@col=\dimen141
\TX@target=\dimen142
\TX@delta=\dimen143
\TX@cols=\count176
\TX@ftn=\toks18
)
(/usr/share/texlive/texmf-dist/tex/generic/babel/babel.sty
Package: babel 2020/02/14 3.40 The Babel package

(/usr/share/texlive/texmf-dist/tex/generic/babel/switch.def
File: switch.def 2020/02/14 3.40 Babel switching mechanism
)
(/usr/share/texlive/texmf-dist/tex/generic/babel-polish/polish.ldf
Language: polish 2005/03/31 v1.2l Polish support from the babel system

(/usr/share/texlive/texmf-dist/tex/generic/babel/babel.def
File: babel.def 2020/02/14 3.40 Babel common definitions
\babel@savecnt=\count177
\U@D=\dimen144

(/usr/share/texlive/texmf-dist/tex/generic/babel/txtbabel.def)
\bbl@readstream=\read2
\bbl@dirlevel=\count178
)
Package babel Info: Making " an active character on input line 83.
\pl@left=\dimen145
\pl@down=\dimen146
\pl@right=\dimen147
\pl@temp=\dimen148
))
(/usr/share/texlive/texmf-dist/tex/latex/subfigure/subfigure.sty
Package: subfigure 2002/03/15 v2.1.5 subfigure package
\subfigtopskip=\skip51
\subfigcapskip=\skip52
\subfigcaptopadj=\dimen149
\subfigbottomskip=\skip53
\subfigcapmargin=\dimen150
\subfiglabelskip=\skip54
\c@subfigure=\count179
\c@lofdepth=\count180
\c@subtable=\count181
\c@lotdepth=\count182

****************************************
* Local config file subfigure.cfg used *
****************************************
(/usr/share/texlive/texmf-dist/tex/latex/subfigure/subfigure.cfg)
\subfig@top=\skip55
\subfig@bottom=\skip56
)
(/usr/share/texlive/texmf-dist/tex/latex/amsfonts/amsfonts.sty
Package: amsfonts 2013/01/14 v3.01 Basic AMSFonts support
\@emptytoks=\toks19
\symAMSa=\mathgroup4
\symAMSb=\mathgroup5
LaTeX Font Info:    Redeclaring math symbol \hbar on input line 98.
LaTeX Font Info:    Overwriting math alphabet `\mathfrak' in version `bold'
(Font)                  U/euf/m/n --> U/euf/b/n on input line 106.
)
(/usr/share/texlive/texmf-dist/tex/latex/tools/verbatim.sty
Package: verbatim 2019/11/10 v1.5r LaTeX2e package for verbatim enhancements
\every@verbatim=\toks20
\verbatim@line=\toks21
\verbatim@in@stream=\read3
)
(/usr/share/texlive/texmf-dist/tex/latex/tools/indentfirst.sty
Package: indentfirst 1995/11/23 v1.03 Indent first paragraph (DPC)
)
(/usr/share/texlive/texmf-dist/tex/latex/hyperref/hyperref.sty
Package: hyperref 2020/01/14 v7.00d Hypertext links for LaTeX

(/usr/share/texlive/texmf-dist/tex/generic/ltxcmds/ltxcmds.sty
Package: ltxcmds 2019/12/15 v1.24 LaTeX kernel commands for general use (HO)
)
(/usr/share/texlive/texmf-dist/tex/generic/iftex/iftex.sty
Package: iftex 2019/11/07 v1.0c TeX engine tests
)
(/usr/share/texlive/texmf-dist/tex/latex/pdftexcmds/pdftexcmds.sty
Package: pdftexcmds 2019/11/24 v0.31 Utility functions of pdfTeX for LuaTeX (HO
)

(/usr/share/texlive/texmf-dist/tex/generic/infwarerr/infwarerr.sty
Package: infwarerr 2019/12/03 v1.5 Providing info/warning/error messages (HO)
)
Package pdftexcmds Info: \pdf@primitive is available.
Package pdftexcmds Info: \pdf@ifprimitive is available.
Package pdftexcmds Info: \pdfdraftmode found.
)
(/usr/share/texlive/texmf-dist/tex/generic/kvsetkeys/kvsetkeys.sty
Package: kvsetkeys 2019/12/15 v1.18 Key value parser (HO)
)
(/usr/share/texlive/texmf-dist/tex/generic/kvdefinekeys/kvdefinekeys.sty
Package: kvdefinekeys 2019-12-19 v1.6 Define keys (HO)
)
(/usr/share/texlive/texmf-dist/tex/generic/pdfescape/pdfescape.sty
Package: pdfescape 2019/12/09 v1.15 Implements pdfTeX's escape features (HO)
)
(/usr/share/texlive/texmf-dist/tex/latex/hycolor/hycolor.sty
Package: hycolor 2020-01-27 v1.10 Color options for hyperref/bookmark (HO)
)
(/usr/share/texlive/texmf-dist/tex/latex/letltxmacro/letltxmacro.sty
Package: letltxmacro 2019/12/03 v1.6 Let assignment for LaTeX macros (HO)
)
(/usr/share/texlive/texmf-dist/tex/latex/auxhook/auxhook.sty
Package: auxhook 2019-12-17 v1.6 Hooks for auxiliary files (HO)
)
(/usr/share/texlive/texmf-dist/tex/latex/kvoptions/kvoptions.sty
Package: kvoptions 2019/11/29 v3.13 Key value format for package options (HO)
)
\@linkdim=\dimen151
\Hy@linkcounter=\count183
\Hy@pagecounter=\count184

(/usr/share/texlive/texmf-dist/tex/latex/hyperref/pd1enc.def
File: pd1enc.def 2020/01/14 v7.00d Hyperref: PDFDocEncoding definition (HO)
Now handling font encoding PD1 ...
... no UTF-8 mapping file for font encoding PD1
)
(/usr/share/texlive/texmf-dist/tex/generic/intcalc/intcalc.sty
Package: intcalc 2019/12/15 v1.3 Expandable calculations with integers (HO)
)
(/usr/share/texlive/texmf-dist/tex/generic/etexcmds/etexcmds.sty
Package: etexcmds 2019/12/15 v1.7 Avoid name clashes with e-TeX commands (HO)
)
\Hy@SavedSpaceFactor=\count185
\pdfmajorversion=\count186
Package hyperref Info: Hyper figures OFF on input line 4547.
Package hyperref Info: Link nesting OFF on input line 4552.
Package hyperref Info: Hyper index ON on input line 4555.
Package hyperref Info: Plain pages OFF on input line 4562.
Package hyperref Info: Backreferencing OFF on input line 4567.
Package hyperref Info: Implicit mode ON; LaTeX internals redefined.
Package hyperref Info: Bookmarks ON on input line 4800.
\c@Hy@tempcnt=\count187

(/usr/share/texlive/texmf-dist/tex/latex/url/url.sty
\Urlmuskip=\muskip16
Package: url 2013/09/16  ver 3.4  Verb mode for urls, etc.
)
LaTeX Info: Redefining \url on input line 5159.
\XeTeXLinkMargin=\dimen152

(/usr/share/texlive/texmf-dist/tex/generic/bitset/bitset.sty
Package: bitset 2019/12/09 v1.3 Handle bit-vector datatype (HO)

(/usr/share/texlive/texmf-dist/tex/generic/bigintcalc/bigintcalc.sty
Package: bigintcalc 2019/12/15 v1.5 Expandable calculations on big integers (HO
)
))
\Fld@menulength=\count188
\Field@Width=\dimen153
\Fld@charsize=\dimen154
Package hyperref Info: Hyper figures OFF on input line 6430.
Package hyperref Info: Link nesting OFF on input line 6435.
Package hyperref Info: Hyper index ON on input line 6438.
Package hyperref Info: backreferencing OFF on input line 6445.
Package hyperref Info: Link coloring OFF on input line 6450.
Package hyperref Info: Link coloring with OCG OFF on input line 6455.
Package hyperref Info: PDF/A mode OFF on input line 6460.
LaTeX Info: Redefining \ref on input line 6500.
LaTeX Info: Redefining \pageref on input line 6504.

(/usr/share/texlive/texmf-dist/tex/generic/atbegshi/atbegshi.sty
Package: atbegshi 2019/12/05 v1.19 At begin shipout hook (HO)
)
\Hy@abspage=\count189
\c@Item=\count190
\c@Hfootnote=\count191
)
Package hyperref Info: Driver: hpdftex.

(/usr/share/texlive/texmf-dist/tex/latex/hyperref/hpdftex.def
File: hpdftex.def 2020/01/14 v7.00d Hyperref driver for pdfTeX

(/usr/share/texlive/texmf-dist/tex/latex/atveryend/atveryend.sty
Package: atveryend 2019-12-11 v1.11 Hooks at the very end of document (HO)
Package atveryend Info: \enddocument detected (standard20110627).
)
\Fld@listcount=\count192
\c@bookmark@seq@number=\count193

(/usr/share/texlive/texmf-dist/tex/latex/rerunfilecheck/rerunfilecheck.sty
Package: rerunfilecheck 2019/12/05 v1.9 Rerun checks for auxiliary files (HO)

(/usr/share/texlive/texmf-dist/tex/generic/uniquecounter/uniquecounter.sty
Package: uniquecounter 2019/12/15 v1.4 Provide unlimited unique counter (HO)
)
Package uniquecounter Info: New unique counter `rerunfilecheck' on input line 2
86.
)
\Hy@SectionHShift=\skip57
)
(/usr/share/texlive/texmf-dist/tex/latex/float/float.sty
Package: float 2001/11/08 v1.3d Float enhancements (AL)
\c@float@type=\count194
\float@exts=\toks22
\float@box=\box47
\@float@everytoks=\toks23
\@floatcapt=\box48
)
(/usr/share/texlive/texmf-dist/tex/latex/caption/caption.sty
Package: caption 2020/01/03 v3.4h Customizing captions (AR)

(/usr/share/texlive/texmf-dist/tex/latex/caption/caption3.sty
Package: caption3 2020/01/03 v1.8h caption3 kernel (AR)
Package caption3 Info: TeX engine: e-TeX on input line 61.
\captionmargin=\dimen155
\captionmargin@=\dimen156
\captionwidth=\dimen157
\caption@tempdima=\dimen158
\caption@indent=\dimen159
\caption@parindent=\dimen160
\caption@hangindent=\dimen161
Package caption Info: Standard document class detected.
)
\c@caption@flags=\count195
\c@continuedfloat=\count196
Package caption Info: float package is loaded.
Package caption Info: hyperref package is loaded.
Package caption Info: subfigure package is loaded.
)
(/usr/share/texlive/texmf-dist/tex/latex/caption/subcaption.sty
Package: subcaption 2020/01/22 v1.3d Sub-captions (AR)


! Package subcaption Error: This package can't be used in cooperation
(subcaption)                with the subfigure package.

See the subcaption package documentation for explanation.
Type  H <return>  for immediate help.
 ...                                              
                                                  
l.62 \subcaption@CheckCompatibility
                                   
If you do not understand this error, please take a closer look
at the documentation of the `subcaption' package, especially the
section about errors.
Try typing  <return>  to proceed.
If that doesn't work, type  X <return>  to quit.

) (/usr/share/texlive/texmf-dist/tex/latex/multirow/multirow.sty
Package: multirow 2019/05/31 v2.5 Span multiple rows of a table
\multirow@colwidth=\skip58
\multirow@cntb=\count197
\multirow@dima=\skip59
\bigstrutjot=\dimen162
)
(/usr/share/texlive/texmf-dist/tex/latex/enumitem/enumitem.sty
Package: enumitem 2019/06/20 v3.9 Customized lists
\labelindent=\skip60
\enit@outerparindent=\dimen163
\enit@toks=\toks24
\enit@inbox=\box49
\enit@count@id=\count198
\enitdp@description=\count199
)
(./prmag2017.sty
Package `prmag2017' (ZETiIS PW Thesis) ver. 0.2 (Jan 2017)
) (/usr/share/texlive/texmf-dist/tex/latex/l3backend/l3backend-pdfmode.def
File: l3backend-pdfmode.def 2020-02-03 L3 backend support: PDF mode
\l__kernel_color_stack_int=\count266
\l__pdf_internal_box=\box50
)
(./praca_dyplomowa.aux

LaTeX Warning: Label `RIC' multiply defined.


LaTeX Warning: Label `FIC' multiply defined.

)
\openout1 = `praca_dyplomowa.aux'.

LaTeX Font Info:    Checking defaults for OML/cmm/m/it on input line 96.
LaTeX Font Info:    ... okay on input line 96.
LaTeX Font Info:    Checking defaults for OMS/cmsy/m/n on input line 96.
LaTeX Font Info:    ... okay on input line 96.
LaTeX Font Info:    Checking defaults for OT1/cmr/m/n on input line 96.
LaTeX Font Info:    ... okay on input line 96.
LaTeX Font Info:    Checking defaults for T1/cmr/m/n on input line 96.
LaTeX Font Info:    ... okay on input line 96.
LaTeX Font Info:    Checking defaults for TS1/cmr/m/n on input line 96.
LaTeX Font Info:    ... okay on input line 96.
LaTeX Font Info:    Checking defaults for OMX/cmex/m/n on input line 96.
LaTeX Font Info:    ... okay on input line 96.
LaTeX Font Info:    Checking defaults for U/cmr/m/n on input line 96.
LaTeX Font Info:    ... okay on input line 96.
LaTeX Font Info:    Checking defaults for OT4/cmr/m/n on input line 96.
LaTeX Font Info:    ... okay on input line 96.
LaTeX Font Info:    Checking defaults for PD1/pdf/m/n on input line 96.
LaTeX Font Info:    ... okay on input line 96.
 (/usr/share/texlive/texmf-dist/tex/context/base/mkii/supp-pdf.mkii
[Loading MPS to PDF converter (version 2006.09.02).]
\scratchcounter=\count267
\scratchdimen=\dimen164
\scratchbox=\box51
\nofMPsegments=\count268
\nofMParguments=\count269
\everyMPshowfont=\toks25
\MPscratchCnt=\count270
\MPscratchDim=\dimen165
\MPnumerator=\count271
\makeMPintoPDFobject=\count272
\everyMPtoPDFconversion=\toks26
) (/usr/share/texlive/texmf-dist/tex/latex/epstopdf-pkg/epstopdf-base.sty
Package: epstopdf-base 2020-01-24 v2.11 Base part for package epstopdf
Package epstopdf-base Info: Redefining graphics rule for `.eps' on input line 4
85.

(/usr/share/texlive/texmf-dist/tex/latex/latexconfig/epstopdf-sys.cfg
File: epstopdf-sys.cfg 2010/07/13 v1.3 Configuration of (r)epstopdf for TeX Liv
e
))
\AtBeginShipoutBox=\box52
Package hyperref Info: Link coloring OFF on input line 96.

(/usr/share/texlive/texmf-dist/tex/latex/hyperref/nameref.sty
Package: nameref 2019/09/16 v2.46 Cross-referencing by name of section

(/usr/share/texlive/texmf-dist/tex/latex/refcount/refcount.sty
Package: refcount 2019/12/15 v3.6 Data extraction from label references (HO)
)
(/usr/share/texlive/texmf-dist/tex/generic/gettitlestring/gettitlestring.sty
Package: gettitlestring 2019/12/15 v1.6 Cleanup title references (HO)
)
\c@section@level=\count273
)
LaTeX Info: Redefining \ref on input line 96.
LaTeX Info: Redefining \pageref on input line 96.
LaTeX Info: Redefining \nameref on input line 96.

(./praca_dyplomowa.out) (./praca_dyplomowa.out)
\@outlinefile=\write3
\openout3 = `praca_dyplomowa.out'.

Package caption Info: Begin \AtBeginDocument code.
Package caption Info: End \AtBeginDocument code.
Package hyperref Info: Option `pageanchor' set `false' on input line 97.
LaTeX Font Info:    Trying to load font information for T1+phv on input line 97
.

(/usr/share/texlive/texmf-dist/tex/latex/psnfss/t1phv.fd
File: t1phv.fd 2001/06/04 scalable font definitions for T1/phv.
)
<PWHead.png, id=92, 2015.53pt x 320.19624pt>
File: PWHead.png Graphic file (type png)
<use PWHead.png>
Package pdftex.def Info: PWHead.png  used on input line 97.
(pdftex.def)             Requested size: 455.24408pt x 72.31953pt.

Overfull \hbox (31.10086pt too wide) in paragraph at lines 97--97
[] 
 []

<inzhead.png, id=93, 1392.20125pt x 303.1325pt>
File: inzhead.png Graphic file (type png)
<use inzhead.png>
Package pdftex.def Info: inzhead.png  used on input line 97.
(pdftex.def)             Requested size: 455.24408pt x 99.12282pt.

Overfull \hbox (31.10086pt too wide) in paragraph at lines 97--97
 [] 
 []

LaTeX Font Info:    Trying to load font information for OML+plm on input line 9
7.
(/usr/share/texlive/texmf-dist/tex/latex/polski/omlplm.fd
File: omlplm.fd 2008/02/24 v1.2.1 Font defs for fonts PL (MW)
)
LaTeX Font Info:    Trying to load font information for OMS+plsy on input line 
97.

(/usr/share/texlive/texmf-dist/tex/latex/polski/omsplsy.fd
File: omsplsy.fd 2008/02/24 v1.2.1 Font defs for fonts PL (MW)
)
LaTeX Font Info:    Trying to load font information for OMX+plex on input line 
97.

(/usr/share/texlive/texmf-dist/tex/latex/polski/omxplex.fd
File: omxplex.fd 2008/02/24 v1.2.1 Font defs for fonts PL (MW)
)
LaTeX Font Info:    External font `plex10' loaded for size
(Font)              <12> on input line 97.
LaTeX Font Info:    External font `plex10' loaded for size
(Font)              <8> on input line 97.
LaTeX Font Info:    External font `plex10' loaded for size
(Font)              <6> on input line 97.
LaTeX Font Info:    Trying to load font information for U+msa on input line 97.


(/usr/share/texlive/texmf-dist/tex/latex/amsfonts/umsa.fd
File: umsa.fd 2013/01/14 v3.01 AMS symbols A
)
LaTeX Font Info:    Trying to load font information for U+msb on input line 97.


(/usr/share/texlive/texmf-dist/tex/latex/amsfonts/umsb.fd
File: umsb.fd 2013/01/14 v3.01 AMS symbols B
) (./streszczenia.tex
[1

{/var/lib/texmf/fonts/map/pdftex/updmap/pdftex.map} <./PWHead.png (PNG copy)> <
./inzhead.png (PNG copy)>] [2]) [3] [4

] [5

] [6

] (./praca_dyplomowa.toc)
\tf@toc=\write4
\openout4 = `praca_dyplomowa.toc'.


[1


] [2

]
Package hyperref Info: Option `pageanchor' set `true' on input line 97.

Rozdzia\l  1.
[1

] [2]
Rozdzia\l  2.
<./rys/sisr.png, id=161, 1371.1225pt x 494.84875pt>
File: ./rys/sisr.png Graphic file (type png)
<use ./rys/sisr.png>
Package pdftex.def Info: ./rys/sisr.png  used on input line 126.
(pdftex.def)             Requested size: 411.33992pt x 148.45576pt.

Overfull \hbox (21.33992pt too wide) in paragraph at lines 126--127
 [] 
 []

[3

]
Overfull \hbox (1.60017pt too wide) in paragraph at lines 134--135
[]\T1/cmr/m/n/12 Metody SR oparte na re-kon-struk-cji, cz¦-sto przyj-muj¡ za-aw
an-so-wan¡ wcze-
 []

[4 <./rys/sisr.png>]
<./rys/CNN-konwolucja-1.png, id=175, 731.73375pt x 342.27875pt>
File: ./rys/CNN-konwolucja-1.png Graphic file (type png)
<use ./rys/CNN-konwolucja-1.png>
Package pdftex.def Info: ./rys/CNN-konwolucja-1.png  used on input line 155.
(pdftex.def)             Requested size: 292.68831pt x 136.90906pt.
 [5 <./rys/CNN-konwolucja-1.png>]
<./rys/max-pooling.png, id=184, 602.25pt x 287.0725pt>
File: ./rys/max-pooling.png Graphic file (type png)
<use ./rys/max-pooling.png>
Package pdftex.def Info: ./rys/max-pooling.png  used on input line 170.
(pdftex.def)             Requested size: 240.89572pt x 114.82695pt.
<./rys/SRCNN.png, id=186, 1706.375pt x 708.6475pt>
File: ./rys/SRCNN.png Graphic file (type png)
<use ./rys/SRCNN.png>
Package pdftex.def Info: ./rys/SRCNN.png  used on input line 190.
(pdftex.def)             Requested size: 341.26895pt x 141.72699pt.
 [6 <./rys/max-pooling.png>] [7 <./rys/SRCNN.png>]
<./rys/CSNLN.png, id=207, 744.7825pt x 323.2075pt>
File: ./rys/CSNLN.png Graphic file (type png)
<use ./rys/CSNLN.png>
Package pdftex.def Info: ./rys/CSNLN.png  used on input line 214.
(pdftex.def)             Requested size: 446.87296pt x 193.926pt.

Overfull \hbox (56.87296pt too wide) in paragraph at lines 214--215
 [] 
 []

[8 <./rys/CSNLN.png>]
<./rys/Attention.png, id=221, 257.88345pt x 201.75375pt>
File: ./rys/Attention.png Graphic file (type png)
<use ./rys/Attention.png>
Package pdftex.def Info: ./rys/Attention.png  used on input line 249.
(pdftex.def)             Requested size: 309.45859pt x 242.10327pt.
 [9 <./rys/Attention.png>]
<./rys/CS-NL.png, id=232, 654.445pt x 331.2375pt>
File: ./rys/CS-NL.png Graphic file (type png)
<use ./rys/CS-NL.png>
Package pdftex.def Info: ./rys/CS-NL.png  used on input line 263.
(pdftex.def)             Requested size: 327.2217pt x 165.61833pt.
<./rys/fusion.png, id=234, 613.29124pt x 313.17pt>
File: ./rys/fusion.png Graphic file (type png)
<use ./rys/fusion.png>
Package pdftex.def Info: ./rys/fusion.png  used on input line 291.
(pdftex.def)             Requested size: 306.64487pt x 156.58461pt.
 [10 <./rys/CS-NL.png>]
Overfull \hbox (22.44423pt too wide) in paragraph at lines 297--298
[]\T1/cmr/m/n/12 Wzorój¡c si¦ ar-ty-ku-ªem DBPN, au-to-rzy za-dop-to-wali po-de
j-±cie back-projection
 []

[11 <./rys/fusion.png>]
<./rys/EDSR_Architecture.png, id=252, 702.625pt x 471.7625pt>
File: ./rys/EDSR_Architecture.png Graphic file (type png)
<use ./rys/EDSR_Architecture.png>
Package pdftex.def Info: ./rys/EDSR_Architecture.png  used on input line 318.
(pdftex.def)             Requested size: 351.31163pt x 235.88066pt.
 [12 <./rys/EDSR_Architecture.png (PNG copy)>]
<./rys/EDSRresudualbloc.png, id=260, 462.72874pt x 343.2825pt>
File: ./rys/EDSRresudualbloc.png Graphic file (type png)
<use ./rys/EDSRresudualbloc.png>
Package pdftex.def Info: ./rys/EDSRresudualbloc.png  used on input line 330.
(pdftex.def)             Requested size: 277.63939pt x 205.97107pt.
 [13 <./rys/EDSRresudualbloc.png>]
Rozdzia\l  3.

Overfull \hbox (5.66434pt too wide) in paragraph at lines 348--349
[]\T1/cmr/m/n/12 Jako bi-blio-teka do ucze-nia ma-szy-no-wego zo-staªa wy-brana
 \T1/cmr/bx/n/12 Py-Torch\T1/cmr/m/n/12 . Gªów-
 []


Overfull \hbox (23.126pt too wide) in paragraph at lines 350--351
[]\T1/cmr/m/n/12 Do two-rze-nia wªa-snych da-ta-se-tów wy-ko-rzy-stano bi-blio-
teki \T1/cmr/bx/n/12 Pil-low \T1/cmr/m/n/12 i \T1/cmr/bx/n/12 OpenCV\T1/cmr/m/n
/12 .
 []


Underfull \vbox (badness 2073) has occurred while \output is active []

 [14

]
[15]
<./rys/relu.png, id=279, 1029.8475pt x 468.75125pt>
File: ./rys/relu.png Graphic file (type png)
<use ./rys/relu.png>
Package pdftex.def Info: ./rys/relu.png  used on input line 394.
(pdftex.def)             Requested size: 308.95663pt x 140.62645pt.
 [16 <./rys/relu.png>]
<./rys/CSNLNtrain_loss_L1.pdf, id=288, 462.52798pt x 346.89601pt>
File: ./rys/CSNLNtrain_loss_L1.pdf Graphic file (type pdf)
<use ./rys/CSNLNtrain_loss_L1.pdf>
Package pdftex.def Info: ./rys/CSNLNtrain_loss_L1.pdf  used on input line 409.
(pdftex.def)             Requested size: 185.0079pt x 138.75594pt.
<./rys/CSNLNtest_loss_L1.pdf, id=289, 462.52798pt x 346.89601pt>
File: ./rys/CSNLNtest_loss_L1.pdf Graphic file (type pdf)
<use ./rys/CSNLNtest_loss_L1.pdf>
Package pdftex.def Info: ./rys/CSNLNtest_loss_L1.pdf  used on input line 410.
(pdftex.def)             Requested size: 185.0079pt x 138.75594pt.
<./rys/EDSRtrain_loss_L1.pdf, id=292, 462.52798pt x 346.89601pt>
File: ./rys/EDSRtrain_loss_L1.pdf Graphic file (type pdf)
<use ./rys/EDSRtrain_loss_L1.pdf>
Package pdftex.def Info: ./rys/EDSRtrain_loss_L1.pdf  used on input line 427.
(pdftex.def)             Requested size: 185.0079pt x 138.75594pt.
<./rys/EDSRtest_loss_L1.pdf, id=293, 462.52798pt x 346.89601pt>
File: ./rys/EDSRtest_loss_L1.pdf Graphic file (type pdf)
<use ./rys/EDSRtest_loss_L1.pdf>
Package pdftex.def Info: ./rys/EDSRtest_loss_L1.pdf  used on input line 428.
(pdftex.def)             Requested size: 185.0079pt x 138.75594pt.

Underfull \vbox (badness 1789) has occurred while \output is active []

 [17 <./rys/CSNLNtrain_loss_L1.pdf> <./rys/CSNLNtest_loss_L1.pdf

pdfTeX warning: /usr/bin/pdflatex (file ./rys/CSNLNtest_loss_L1.pdf): PDF inclu
sion: multiple pdfs with page group included in a single page
>] [18 <./rys/EDSRtrain_loss_L1.pdf> <./rys/EDSRtest_loss_L1.pdf

pdfTeX warning: /usr/bin/pdflatex (file ./rys/EDSRtest_loss_L1.pdf): PDF inclus
ion: multiple pdfs with page group included in a single page
>] [19] [20]
Rozdzia\l  4.
[21

]
<./rys/testy/DIV2k/babyShowReactangle.png, id=426, 513.92pt x 513.92pt>
File: ./rys/testy/DIV2k/babyShowReactangle.png Graphic file (type png)
<use ./rys/testy/DIV2k/babyShowReactangle.png>
Package pdftex.def Info: ./rys/testy/DIV2k/babyShowReactangle.png  used on inpu
t line 528.
(pdftex.def)             Requested size: 175.49881pt x 175.49898pt.
<./rys/testy/DIV2k/babyCrop.png, id=427, 160.6pt x 225.84375pt>
File: ./rys/testy/DIV2k/babyCrop.png Graphic file (type png)
<use ./rys/testy/DIV2k/babyCrop.png>
Package pdftex.def Info: ./rys/testy/DIV2k/babyCrop.png  used on input line 529
.
(pdftex.def)             Requested size: 97.5pt x 137.11316pt.
<./rys/testy/DIV2k/Bilenierbaby_x2_SRCrop.png, id=428, 160.6pt x 225.84375pt>
File: ./rys/testy/DIV2k/Bilenierbaby_x2_SRCrop.png Graphic file (type png)
<use ./rys/testy/DIV2k/Bilenierbaby_x2_SRCrop.png>
Package pdftex.def Info: ./rys/testy/DIV2k/Bilenierbaby_x2_SRCrop.png  used on 
input line 530.
(pdftex.def)             Requested size: 97.5pt x 137.11316pt.
<./rys/testy/DIV2k/baby_x2_SRCropBicubic.png, id=429, 160.6pt x 225.84375pt>
File: ./rys/testy/DIV2k/baby_x2_SRCropBicubic.png Graphic file (type png)
<use ./rys/testy/DIV2k/baby_x2_SRCropBicubic.png>
Package pdftex.def Info: ./rys/testy/DIV2k/baby_x2_SRCropBicubic.png  used on i
nput line 531.
(pdftex.def)             Requested size: 105.30167pt x 148.08553pt.

Underfull \hbox (badness 10000) in paragraph at lines 531--531
[]\T1/cmr/m/n/10 (d) In-ter-po-la-cja dwu-
 []

<./rys/testy/DIV2k/EDSRbabyCrop_x2.png, id=430, 160.6pt x 225.84375pt>
File: ./rys/testy/DIV2k/EDSRbabyCrop_x2.png Graphic file (type png)
<use ./rys/testy/DIV2k/EDSRbabyCrop_x2.png>
Package pdftex.def Info: ./rys/testy/DIV2k/EDSRbabyCrop_x2.png  used on input l
ine 532.
(pdftex.def)             Requested size: 105.30167pt x 148.08553pt.
<./rys/testy/DIV2k/CSNLNbabyCrop_x2.png, id=431, 160.6pt x 225.84375pt>
File: ./rys/testy/DIV2k/CSNLNbabyCrop_x2.png Graphic file (type png)
<use ./rys/testy/DIV2k/CSNLNbabyCrop_x2.png>
Package pdftex.def Info: ./rys/testy/DIV2k/CSNLNbabyCrop_x2.png  used on input 
line 533.
(pdftex.def)             Requested size: 105.30167pt x 148.08553pt.

Overfull \hbox (1.08545pt too wide) in paragraph at lines 538--539
[]\T1/cmr/m/n/12 Zdecydowanie naj-gor-szy wy-nik byª uzy-skany przy u»y-ciu in-
ter-po-la-cji dwu-
 []

[22] [23 <./rys/testy/DIV2k/babyShowReactangle.png (PNG copy)> <./rys/testy/DIV
2k/babyCrop.png (PNG copy)> <./rys/testy/DIV2k/Bilenierbaby_x2_SRCrop.png (PNG 
copy)> <./rys/testy/DIV2k/baby_x2_SRCropBicubic.png (PNG copy)> <./rys/testy/DI
V2k/EDSRbabyCrop_x2.png (PNG copy)> <./rys/testy/DIV2k/CSNLNbabyCrop_x2.png (PN
G copy)>] [24]
Rozdzia\l  5.
[25

]
<./rys/testy/shum/601crop.png, id=466, 207.77625pt x 175.65625pt>
File: ./rys/testy/shum/601crop.png Graphic file (type png)
<use ./rys/testy/shum/601crop.png>
Package pdftex.def Info: ./rys/testy/shum/601crop.png  used on input line 600.
(pdftex.def)             Requested size: 97.5pt x 82.42711pt.
<./rys/testy/shum/601x2crop.png, id=467, 103.38625pt x 88.33pt>
File: ./rys/testy/shum/601x2crop.png Graphic file (type png)
<use ./rys/testy/shum/601x2crop.png>
Package pdftex.def Info: ./rys/testy/shum/601x2crop.png  used on input line 601
.
(pdftex.def)             Requested size: 97.5pt x 83.30244pt.
<./rys/testy/shum/601_x2_EDSRMSEcrop.png, id=468, 207.77625pt x 175.65625pt>
File: ./rys/testy/shum/601_x2_EDSRMSEcrop.png Graphic file (type png)
<use ./rys/testy/shum/601_x2_EDSRMSEcrop.png>
Package pdftex.def Info: ./rys/testy/shum/601_x2_EDSRMSEcrop.png  used on input
 line 602.
(pdftex.def)             Requested size: 97.5pt x 82.42711pt.
<./rys/testy/shum/601_x2_CSNLNL1crop.png, id=469, 207.77625pt x 175.65625pt>
File: ./rys/testy/shum/601_x2_CSNLNL1crop.png Graphic file (type png)
<use ./rys/testy/shum/601_x2_CSNLNL1crop.png>
Package pdftex.def Info: ./rys/testy/shum/601_x2_CSNLNL1crop.png  used on input
 line 603.
(pdftex.def)             Requested size: 97.5pt x 82.42711pt.
LaTeX Font Info:    External font `plex10' loaded for size
(Font)              <10> on input line 603.
LaTeX Font Info:    External font `plex10' loaded for size
(Font)              <7> on input line 603.
LaTeX Font Info:    External font `plex10' loaded for size
(Font)              <5> on input line 603.
<./rys/testy/shum/601_x2_CSNLNMSEcrop.png, id=470, 207.77625pt x 175.65625pt>
File: ./rys/testy/shum/601_x2_CSNLNMSEcrop.png Graphic file (type png)
<use ./rys/testy/shum/601_x2_CSNLNMSEcrop.png>
Package pdftex.def Info: ./rys/testy/shum/601_x2_CSNLNMSEcrop.png  used on inpu
t line 604.
(pdftex.def)             Requested size: 97.5pt x 82.42711pt.
 (./praca_dyplomowa.bbl [26 <./rys/testy/shum/601crop.png (PNG copy)> <./rys/te
sty/shum/601x2crop.png (PNG copy)> <./rys/testy/shum/601_x2_EDSRMSEcrop.png (PN
G copy)> <./rys/testy/shum/601_x2_CSNLNL1crop.png (PNG copy)> <./rys/testy/shum
/601_x2_CSNLNMSEcrop.png (PNG copy)>]

LaTeX Warning: Empty `thebibliography' environment on input line 3.

)
Package atveryend Info: Empty hook `BeforeClearDocument' on input line 612.
 [27

]
Package atveryend Info: Empty hook `AfterLastShipout' on input line 612.
 (./praca_dyplomowa.aux)
Package atveryend Info: Executing hook `AtVeryEndDocument' on input line 612.
Package atveryend Info: Executing hook `AtEndAfterFileList' on input line 612.
Package rerunfilecheck Info: File `praca_dyplomowa.out' has not changed.
(rerunfilecheck)             Checksum: 7AF4BAEBB52EBDDC0BC9E8B92FDAED4F;1529.


LaTeX Warning: There were multiply-defined labels.

Package atveryend Info: Empty hook `AtVeryVeryEnd' on input line 612.
 ) 
Here is how much of TeX's memory you used:
 8671 strings out of 481239
 135270 string characters out of 5920377
 406989 words of memory out of 5000000
 23596 multiletter control sequences out of 15000+600000
 558198 words of font info for 72 fonts, out of 8000000 for 9000
 1141 hyphenation exceptions out of 8191
 41i,10n,42p,778b,431s stack positions out of 5000i,500n,10000p,200000b,80000s
{/usr/share/texlive/texmf-dist/fonts/enc/dvips/pl/plrm.enc}{/usr/share/texliv
e/texmf-dist/fonts/enc/dvips/pl/plmi.enc}{/usr/share/texlive/texmf-dist/fonts/e
nc/dvips/pl/plms.enc}{/usr/share/texmf/fonts/enc/dvips/cm-super/cm-super-t1.enc
}{/usr/share/texlive/texmf-dist/fonts/enc/dvips/pl/plme.enc}{/usr/share/texmf/f
onts/enc/dvips/cm-super/cm-super-ts1.enc}{/usr/share/texlive/texmf-dist/fonts/e
nc/dvips/base/8r.enc}</usr/share/texlive/texmf-dist/fonts/type1/public/pl/plex1
0.pfb></usr/share/texlive/texmf-dist/fonts/type1/public/pl/plmi10.pfb></usr/sha
re/texlive/texmf-dist/fonts/type1/public/pl/plmi12.pfb></usr/share/texlive/texm
f-dist/fonts/type1/public/pl/plmi8.pfb></usr/share/texlive/texmf-dist/fonts/typ
e1/public/pl/plr12.pfb></usr/share/texlive/texmf-dist/fonts/type1/public/pl/plr
7.pfb></usr/share/texlive/texmf-dist/fonts/type1/public/pl/plr8.pfb></usr/share
/texlive/texmf-dist/fonts/type1/public/pl/plsy10.pfb></usr/share/texlive/texmf-
dist/fonts/type1/public/pl/plsy8.pfb></usr/share/texmf/fonts/type1/public/cm-su
per/sfbx1200.pfb></usr/share/texmf/fonts/type1/public/cm-super/sfbx1440.pfb></u
sr/share/texmf/fonts/type1/public/cm-super/sfbx1728.pfb></usr/share/texmf/fonts
/type1/public/cm-super/sfbx2488.pfb></usr/share/texmf/fonts/type1/public/cm-sup
er/sfrm1000.pfb></usr/share/texmf/fonts/type1/public/cm-super/sfrm1200.pfb></us
r/share/texlive/texmf-dist/fonts/type1/urw/helvetic/uhvr8a.pfb>
Output written on praca_dyplomowa.pdf (35 pages, 2493664 bytes).
PDF statistics:
 572 PDF objects out of 1000 (max. 8388607)
 409 compressed objects within 5 object streams
 102 named destinations out of 1000 (max. 500000)
 317 words of extra memory for PDF output out of 10000 (max. 10000000)

